<?xml version="1.0" encoding="UTF-8"?>
<!-- Generated by org.testng.reporters.JUnitReportReporter -->
<testsuite hostname="NIVESH_PC" failures="0" tests="1" name="com.automation.base.DriverInstance" time="2.076" errors="0" timestamp="2024-02-23T12:50:51 IST" skipped="0">
  <testcase classname="com.automation.base.DriverInstance" name="run" time="2.076"/>
</testsuite> <!-- com.automation.base.DriverInstance -->
