<?xml version="1.0" encoding="UTF-8"?>
<!-- Generated by org.testng.reporters.JUnitReportReporter -->
<testsuite hostname="NIVESH_PC" failures="0" tests="1" name="com.automation.testcase.Tc_001_login_func" time="9.776" errors="0" timestamp="2024-02-23T16:48:43 IST" skipped="0">
  <testcase classname="com.automation.testcase.Tc_001_login_func" name="searchLaptop" time="9.776"/>
</testsuite> <!-- com.automation.testcase.Tc_001_login_func -->
